{
  "stats": {
    "suites": 3,
    "tests": 9,
    "passes": 9,
    "pending": 0,
    "failures": 0,
    "start": "2026-07-01T14:39:26.474Z",
    "end": "2026-07-01T14:39:30.070Z",
    "duration": 3596,
    "testsRegistered": 9,
    "passPercent": 100,
    "pendingPercent": 0,
    "other": 0,
    "hasOther": false,
    "skipped": 0,
    "hasSkipped": false
  },
  "results": [
    {
      "uuid": "7c139aee-c036-4873-b4c3-89334d3d7377",
      "title": "",
      "fullFile": "cypress/e2e/booking/update-booking.cy.js",
      "file": "cypress/e2e/booking/update-booking.cy.js",
      "beforeHooks": [],
      "afterHooks": [],
      "tests": [],
      "suites": [
        {
          "uuid": "47625f42-4d81-4d68-a7f2-be77f9b50c9c",
          "title": "BOOKING - PUT & PATCH /booking/:id",
          "fullFile": "",
          "file": "",
          "beforeHooks": [],
          "afterHooks": [],
          "tests": [],
          "suites": [
            {
              "uuid": "679fe83f-d517-4f87-a946-d3c7d84a9c34",
              "title": "PUT /booking/:id - Atualização Completa",
              "fullFile": "",
              "file": "",
              "beforeHooks": [],
              "afterHooks": [],
              "tests": [
                {
                  "title": "deve atualizar reserva completa com token válido",
                  "fullTitle": "BOOKING - PUT & PATCH /booking/:id PUT /booking/:id - Atualização Completa deve atualizar reserva completa com token válido",
                  "timedOut": null,
                  "duration": 564,
                  "state": "passed",
                  "speed": "fast",
                  "pass": true,
                  "fail": false,
                  "pending": false,
                  "context": null,
                  "code": "cy.updateBooking(bookingId, updateData.fullUpdate, authToken).then(response => {\n  expect(response.status).to.eq(200);\n  cy.assertResponseHeaders(response);\n  cy.assertBookingSchema(response.body);\n  expect(response.body.firstname).to.eq(updateData.fullUpdate.firstname);\n  expect(response.body.lastname).to.eq(updateData.fullUpdate.lastname);\n  expect(response.body.totalprice).to.eq(updateData.fullUpdate.totalprice);\n  expect(response.body.depositpaid).to.eq(updateData.fullUpdate.depositpaid);\n});",
                  "err": {},
                  "uuid": "c8764a35-0887-40b5-a2e6-0dedf82f9740",
                  "parentUUID": "679fe83f-d517-4f87-a946-d3c7d84a9c34",
                  "isHook": false,
                  "skipped": false
                },
                {
                  "title": "deve persistir atualização - GET deve retornar dados novos",
                  "fullTitle": "BOOKING - PUT & PATCH /booking/:id PUT /booking/:id - Atualização Completa deve persistir atualização - GET deve retornar dados novos",
                  "timedOut": null,
                  "duration": 479,
                  "state": "passed",
                  "speed": "fast",
                  "pass": true,
                  "fail": false,
                  "pending": false,
                  "context": null,
                  "code": "cy.updateBooking(bookingId, updateData.fullUpdate, authToken).then(updateResponse => {\n  expect(updateResponse.status).to.eq(200);\n  cy.getBooking(bookingId).then(getResponse => {\n    expect(getResponse.status).to.eq(200);\n    expect(getResponse.body.firstname).to.eq(updateData.fullUpdate.firstname);\n    expect(getResponse.body.totalprice).to.eq(updateData.fullUpdate.totalprice);\n  });\n});",
                  "err": {},
                  "uuid": "2fc3783a-123f-403f-8d2a-d16e9348eda5",
                  "parentUUID": "679fe83f-d517-4f87-a946-d3c7d84a9c34",
                  "isHook": false,
                  "skipped": false
                },
                {
                  "title": "deve retornar 403 ao atualizar sem token de autenticação",
                  "fullTitle": "BOOKING - PUT & PATCH /booking/:id PUT /booking/:id - Atualização Completa deve retornar 403 ao atualizar sem token de autenticação",
                  "timedOut": null,
                  "duration": 320,
                  "state": "passed",
                  "speed": "fast",
                  "pass": true,
                  "fail": false,
                  "pending": false,
                  "context": null,
                  "code": "cy.request({\n  method: 'PUT',\n  url: `/booking/${bookingId}`,\n  headers: {\n    'Content-Type': 'application/json',\n    'Accept': 'application/json'\n  },\n  body: updateData.fullUpdate,\n  failOnStatusCode: false\n}).then(response => {\n  expect(response.status).to.eq(403, 'PUT sem token deve retornar 403');\n});",
                  "err": {},
                  "uuid": "c299f060-d12b-4002-b84b-822e36aa1889",
                  "parentUUID": "679fe83f-d517-4f87-a946-d3c7d84a9c34",
                  "isHook": false,
                  "skipped": false
                },
                {
                  "title": "deve retornar 403 com token inválido",
                  "fullTitle": "BOOKING - PUT & PATCH /booking/:id PUT /booking/:id - Atualização Completa deve retornar 403 com token inválido",
                  "timedOut": null,
                  "duration": 320,
                  "state": "passed",
                  "speed": "fast",
                  "pass": true,
                  "fail": false,
                  "pending": false,
                  "context": null,
                  "code": "cy.updateBooking(bookingId, updateData.fullUpdate, 'invalid_token_xyz').then(response => {\n  expect(response.status).to.eq(403, 'Token inválido deve retornar 403');\n});",
                  "err": {},
                  "uuid": "1e7e1e5c-e0b4-4538-a263-6f1abc1575fb",
                  "parentUUID": "679fe83f-d517-4f87-a946-d3c7d84a9c34",
                  "isHook": false,
                  "skipped": false
                },
                {
                  "title": "deve retornar 405 para ID inexistente",
                  "fullTitle": "BOOKING - PUT & PATCH /booking/:id PUT /booking/:id - Atualização Completa deve retornar 405 para ID inexistente",
                  "timedOut": null,
                  "duration": 323,
                  "state": "passed",
                  "speed": "fast",
                  "pass": true,
                  "fail": false,
                  "pending": false,
                  "context": null,
                  "code": "cy.updateBooking(999999999, updateData.fullUpdate, authToken).then(response => {\n  expect(response.status).to.be.oneOf([405, 404]);\n});",
                  "err": {},
                  "uuid": "b195d8a4-7643-4a3f-9363-6a6833ffcfbe",
                  "parentUUID": "679fe83f-d517-4f87-a946-d3c7d84a9c34",
                  "isHook": false,
                  "skipped": false
                },
                {
                  "title": "deve retornar erro ao atualizar com campos obrigatórios ausentes",
                  "fullTitle": "BOOKING - PUT & PATCH /booking/:id PUT /booking/:id - Atualização Completa deve retornar erro ao atualizar com campos obrigatórios ausentes",
                  "timedOut": null,
                  "duration": 332,
                  "state": "passed",
                  "speed": "fast",
                  "pass": true,
                  "fail": false,
                  "pending": false,
                  "context": null,
                  "code": "const incompleteData = {\n  firstname: 'OnlyFirstname'\n};\ncy.updateBooking(bookingId, incompleteData, authToken).then(response => {\n  expect(response.status).to.be.oneOf([400, 422, 500]);\n});",
                  "err": {},
                  "uuid": "26a365fb-08e0-47a2-995a-314114879dcb",
                  "parentUUID": "679fe83f-d517-4f87-a946-d3c7d84a9c34",
                  "isHook": false,
                  "skipped": false
                }
              ],
              "suites": [],
              "passes": [
                "c8764a35-0887-40b5-a2e6-0dedf82f9740",
                "2fc3783a-123f-403f-8d2a-d16e9348eda5",
                "c299f060-d12b-4002-b84b-822e36aa1889",
                "1e7e1e5c-e0b4-4538-a263-6f1abc1575fb",
                "b195d8a4-7643-4a3f-9363-6a6833ffcfbe",
                "26a365fb-08e0-47a2-995a-314114879dcb"
              ],
              "failures": [],
              "pending": [],
              "skipped": [],
              "duration": 2338,
              "root": false,
              "rootEmpty": false,
              "_timeout": 2000
            },
            {
              "uuid": "2358a868-faba-4c64-a7c2-ac71ad7198b8",
              "title": "PATCH /booking/:id - Atualização Parcial",
              "fullFile": "",
              "file": "",
              "beforeHooks": [],
              "afterHooks": [],
              "tests": [
                {
                  "title": "deve atualizar parcialmente uma reserva - apenas firstname e totalprice",
                  "fullTitle": "BOOKING - PUT & PATCH /booking/:id PATCH /booking/:id - Atualização Parcial deve atualizar parcialmente uma reserva - apenas firstname e totalprice",
                  "timedOut": null,
                  "duration": 342,
                  "state": "passed",
                  "speed": "fast",
                  "pass": true,
                  "fail": false,
                  "pending": false,
                  "context": null,
                  "code": "cy.patchBooking(bookingId, updateData.partialUpdate, authToken).then(response => {\n  expect(response.status).to.eq(200);\n  cy.assertBookingSchema(response.body);\n  expect(response.body.firstname).to.eq(updateData.partialUpdate.firstname);\n  expect(response.body.totalprice).to.eq(updateData.partialUpdate.totalprice);\n  expect(response.body.lastname).to.eq(baseBooking.lastname);\n});",
                  "err": {},
                  "uuid": "18ebfb9e-795e-4908-9468-a4c37c1da3fe",
                  "parentUUID": "2358a868-faba-4c64-a7c2-ac71ad7198b8",
                  "isHook": false,
                  "skipped": false
                },
                {
                  "title": "deve retornar 403 ao PATCH sem autenticação",
                  "fullTitle": "BOOKING - PUT & PATCH /booking/:id PATCH /booking/:id - Atualização Parcial deve retornar 403 ao PATCH sem autenticação",
                  "timedOut": null,
                  "duration": 330,
                  "state": "passed",
                  "speed": "fast",
                  "pass": true,
                  "fail": false,
                  "pending": false,
                  "context": null,
                  "code": "cy.request({\n  method: 'PATCH',\n  url: `/booking/${bookingId}`,\n  headers: {\n    'Content-Type': 'application/json',\n    'Accept': 'application/json'\n  },\n  body: updateData.partialUpdate,\n  failOnStatusCode: false\n}).then(response => {\n  expect(response.status).to.eq(403);\n});",
                  "err": {},
                  "uuid": "32a48dbc-95f6-4556-aa10-b7808a44d9b2",
                  "parentUUID": "2358a868-faba-4c64-a7c2-ac71ad7198b8",
                  "isHook": false,
                  "skipped": false
                },
                {
                  "title": "deve retornar 403 com token expirado/inválido no PATCH",
                  "fullTitle": "BOOKING - PUT & PATCH /booking/:id PATCH /booking/:id - Atualização Parcial deve retornar 403 com token expirado/inválido no PATCH",
                  "timedOut": null,
                  "duration": 321,
                  "state": "passed",
                  "speed": "fast",
                  "pass": true,
                  "fail": false,
                  "pending": false,
                  "context": null,
                  "code": "cy.patchBooking(bookingId, updateData.priceUpdate, 'expired_token').then(response => {\n  expect(response.status).to.eq(403);\n});",
                  "err": {},
                  "uuid": "59462ce3-154a-48b5-a74c-1285769b0a5f",
                  "parentUUID": "2358a868-faba-4c64-a7c2-ac71ad7198b8",
                  "isHook": false,
                  "skipped": false
                }
              ],
              "suites": [],
              "passes": [
                "18ebfb9e-795e-4908-9468-a4c37c1da3fe",
                "32a48dbc-95f6-4556-aa10-b7808a44d9b2",
                "59462ce3-154a-48b5-a74c-1285769b0a5f"
              ],
              "failures": [],
              "pending": [],
              "skipped": [],
              "duration": 993,
              "root": false,
              "rootEmpty": false,
              "_timeout": 2000
            }
          ],
          "passes": [],
          "failures": [],
          "pending": [],
          "skipped": [],
          "duration": 0,
          "root": false,
          "rootEmpty": false,
          "_timeout": 2000
        }
      ],
      "passes": [],
      "failures": [],
      "pending": [],
      "skipped": [],
      "duration": 0,
      "root": true,
      "rootEmpty": true,
      "_timeout": 2000
    }
  ],
  "meta": {
    "mocha": {
      "version": "7.2.0"
    },
    "mochawesome": {
      "options": {
        "quiet": false,
        "reportFilename": "mochawesome",
        "saveHtml": false,
        "saveJson": true,
        "consoleReporter": "spec",
        "useInlineDiffs": false,
        "code": true
      },
      "version": "7.1.4"
    },
    "marge": {
      "options": {
        "reportDir": "reports/api",
        "overwrite": false,
        "html": false,
        "json": true
      },
      "version": "6.3.2"
    }
  }
}