{
  "stats": {
    "suites": 3,
    "tests": 9,
    "passes": 9,
    "pending": 0,
    "failures": 0,
    "start": "2026-07-01T14:39:05.867Z",
    "end": "2026-07-01T14:39:09.920Z",
    "duration": 4053,
    "testsRegistered": 9,
    "passPercent": 100,
    "pendingPercent": 0,
    "other": 0,
    "hasOther": false,
    "skipped": 0,
    "hasSkipped": false
  },
  "results": [
    {
      "uuid": "a86d8523-3b89-4fee-b8db-addc6800bf4d",
      "title": "",
      "fullFile": "cypress/e2e/booking/delete-booking.cy.js",
      "file": "cypress/e2e/booking/delete-booking.cy.js",
      "beforeHooks": [],
      "afterHooks": [],
      "tests": [],
      "suites": [
        {
          "uuid": "570675dd-79f4-4aa6-aa9b-1883862dfc36",
          "title": "BOOKING - DELETE /booking/:id",
          "fullFile": "",
          "file": "",
          "beforeHooks": [],
          "afterHooks": [],
          "tests": [],
          "suites": [
            {
              "uuid": "91a1b4dd-11a1-4bc0-ac90-1865b622f7db",
              "title": "Cenários Positivos",
              "fullFile": "",
              "file": "",
              "beforeHooks": [],
              "afterHooks": [],
              "tests": [
                {
                  "title": "deve deletar reserva com token válido e retornar 201",
                  "fullTitle": "BOOKING - DELETE /booking/:id Cenários Positivos deve deletar reserva com token válido e retornar 201",
                  "timedOut": null,
                  "duration": 487,
                  "state": "passed",
                  "speed": "fast",
                  "pass": true,
                  "fail": false,
                  "pending": false,
                  "context": null,
                  "code": "cy.deleteBooking(bookingIdToDelete, authToken).then(response => {\n  expect(response.status).to.eq(201, 'DELETE bem-sucedido deve retornar 201');\n});",
                  "err": {},
                  "uuid": "b4ca6248-6285-4271-8af2-f3aa89db848f",
                  "parentUUID": "91a1b4dd-11a1-4bc0-ac90-1865b622f7db",
                  "isHook": false,
                  "skipped": false
                },
                {
                  "title": "deve confirmar remoção: GET retorna 404 após DELETE",
                  "fullTitle": "BOOKING - DELETE /booking/:id Cenários Positivos deve confirmar remoção: GET retorna 404 após DELETE",
                  "timedOut": null,
                  "duration": 474,
                  "state": "passed",
                  "speed": "fast",
                  "pass": true,
                  "fail": false,
                  "pending": false,
                  "context": null,
                  "code": "cy.deleteBooking(bookingIdToDelete, authToken).then(deleteResponse => {\n  expect(deleteResponse.status).to.eq(201);\n  cy.getBooking(bookingIdToDelete).then(getResponse => {\n    expect(getResponse.status).to.eq(404, 'Reserva deletada deve retornar 404 no GET');\n  });\n});",
                  "err": {},
                  "uuid": "5cd93b14-3b8a-4d06-a88f-d37ae77c84ef",
                  "parentUUID": "91a1b4dd-11a1-4bc0-ac90-1865b622f7db",
                  "isHook": false,
                  "skipped": false
                },
                {
                  "title": "deve remover reserva da listagem após DELETE",
                  "fullTitle": "BOOKING - DELETE /booking/:id Cenários Positivos deve remover reserva da listagem após DELETE",
                  "timedOut": null,
                  "duration": 780,
                  "state": "passed",
                  "speed": "fast",
                  "pass": true,
                  "fail": false,
                  "pending": false,
                  "context": null,
                  "code": "cy.deleteBooking(bookingIdToDelete, authToken).then(deleteResponse => {\n  expect(deleteResponse.status).to.eq(201);\n  cy.getAllBookings().then(listResponse => {\n    const found = listResponse.body.find(b => b.bookingid === bookingIdToDelete);\n    expect(found).to.be.undefined;\n  });\n});",
                  "err": {},
                  "uuid": "7a634ab1-00c4-458f-a8ab-7bc6edcda3e2",
                  "parentUUID": "91a1b4dd-11a1-4bc0-ac90-1865b622f7db",
                  "isHook": false,
                  "skipped": false
                }
              ],
              "suites": [],
              "passes": [
                "b4ca6248-6285-4271-8af2-f3aa89db848f",
                "5cd93b14-3b8a-4d06-a88f-d37ae77c84ef",
                "7a634ab1-00c4-458f-a8ab-7bc6edcda3e2"
              ],
              "failures": [],
              "pending": [],
              "skipped": [],
              "duration": 1741,
              "root": false,
              "rootEmpty": false,
              "_timeout": 2000
            },
            {
              "uuid": "05bf786d-440a-422a-ac46-d0b4f60be079",
              "title": "Cenários Negativos",
              "fullFile": "",
              "file": "",
              "beforeHooks": [],
              "afterHooks": [],
              "tests": [
                {
                  "title": "deve retornar 403 ao deletar sem token de autenticação",
                  "fullTitle": "BOOKING - DELETE /booking/:id Cenários Negativos deve retornar 403 ao deletar sem token de autenticação",
                  "timedOut": null,
                  "duration": 322,
                  "state": "passed",
                  "speed": "fast",
                  "pass": true,
                  "fail": false,
                  "pending": false,
                  "context": null,
                  "code": "cy.request({\n  method: 'DELETE',\n  url: `/booking/${bookingIdToDelete}`,\n  headers: {\n    'Content-Type': 'application/json'\n  },\n  failOnStatusCode: false\n}).then(response => {\n  expect(response.status).to.eq(403, 'DELETE sem token deve retornar 403');\n});",
                  "err": {},
                  "uuid": "e09c4abc-510b-4fc4-a99d-1200399dad42",
                  "parentUUID": "05bf786d-440a-422a-ac46-d0b4f60be079",
                  "isHook": false,
                  "skipped": false
                },
                {
                  "title": "deve retornar 403 com token inválido",
                  "fullTitle": "BOOKING - DELETE /booking/:id Cenários Negativos deve retornar 403 com token inválido",
                  "timedOut": null,
                  "duration": 326,
                  "state": "passed",
                  "speed": "fast",
                  "pass": true,
                  "fail": false,
                  "pending": false,
                  "context": null,
                  "code": "cy.deleteBooking(bookingIdToDelete, 'invalid_token_123').then(response => {\n  expect(response.status).to.eq(403, 'Token inválido deve impedir deleção');\n});",
                  "err": {},
                  "uuid": "bcd3f742-90f7-45d5-a5dd-ad30b008fe80",
                  "parentUUID": "05bf786d-440a-422a-ac46-d0b4f60be079",
                  "isHook": false,
                  "skipped": false
                },
                {
                  "title": "deve retornar 403 com token vazio",
                  "fullTitle": "BOOKING - DELETE /booking/:id Cenários Negativos deve retornar 403 com token vazio",
                  "timedOut": null,
                  "duration": 319,
                  "state": "passed",
                  "speed": "fast",
                  "pass": true,
                  "fail": false,
                  "pending": false,
                  "context": null,
                  "code": "cy.deleteBooking(bookingIdToDelete, '').then(response => {\n  expect(response.status).to.eq(403);\n});",
                  "err": {},
                  "uuid": "8d714f9c-e2db-4fce-bdf7-35b7b3a1ae41",
                  "parentUUID": "05bf786d-440a-422a-ac46-d0b4f60be079",
                  "isHook": false,
                  "skipped": false
                },
                {
                  "title": "deve retornar 405 ao deletar ID inexistente com token válido",
                  "fullTitle": "BOOKING - DELETE /booking/:id Cenários Negativos deve retornar 405 ao deletar ID inexistente com token válido",
                  "timedOut": null,
                  "duration": 324,
                  "state": "passed",
                  "speed": "fast",
                  "pass": true,
                  "fail": false,
                  "pending": false,
                  "context": null,
                  "code": "cy.deleteBooking(999999999, authToken).then(response => {\n  expect(response.status).to.be.oneOf([404, 405]);\n});",
                  "err": {},
                  "uuid": "8e4ffdd7-77d5-4c02-8607-737364ba19b2",
                  "parentUUID": "05bf786d-440a-422a-ac46-d0b4f60be079",
                  "isHook": false,
                  "skipped": false
                },
                {
                  "title": "deve retornar erro para tentativa de deletar ID não numérico",
                  "fullTitle": "BOOKING - DELETE /booking/:id Cenários Negativos deve retornar erro para tentativa de deletar ID não numérico",
                  "timedOut": null,
                  "duration": 324,
                  "state": "passed",
                  "speed": "fast",
                  "pass": true,
                  "fail": false,
                  "pending": false,
                  "context": null,
                  "code": "cy.request({\n  method: 'DELETE',\n  url: '/booking/not-a-number',\n  headers: {\n    'Content-Type': 'application/json',\n    'Cookie': `token=${authToken}`\n  },\n  failOnStatusCode: false\n}).then(response => {\n  expect(response.status).to.be.oneOf([400, 404, 405]);\n});",
                  "err": {},
                  "uuid": "61ccd26f-dfaf-4069-a975-03bc5da999ee",
                  "parentUUID": "05bf786d-440a-422a-ac46-d0b4f60be079",
                  "isHook": false,
                  "skipped": false
                },
                {
                  "title": "não deve ser possível deletar a mesma reserva duas vezes",
                  "fullTitle": "BOOKING - DELETE /booking/:id Cenários Negativos não deve ser possível deletar a mesma reserva duas vezes",
                  "timedOut": null,
                  "duration": 467,
                  "state": "passed",
                  "speed": "fast",
                  "pass": true,
                  "fail": false,
                  "pending": false,
                  "context": null,
                  "code": "cy.deleteBooking(bookingIdToDelete, authToken).then(firstDelete => {\n  expect(firstDelete.status).to.eq(201);\n  cy.deleteBooking(bookingIdToDelete, authToken).then(secondDelete => {\n    expect(secondDelete.status).to.be.oneOf([404, 405], 'Segunda deleção deve falhar pois reserva já foi removida');\n  });\n});",
                  "err": {},
                  "uuid": "91b3bf29-faa6-4631-b08e-64f630df3c13",
                  "parentUUID": "05bf786d-440a-422a-ac46-d0b4f60be079",
                  "isHook": false,
                  "skipped": false
                }
              ],
              "suites": [],
              "passes": [
                "e09c4abc-510b-4fc4-a99d-1200399dad42",
                "bcd3f742-90f7-45d5-a5dd-ad30b008fe80",
                "8d714f9c-e2db-4fce-bdf7-35b7b3a1ae41",
                "8e4ffdd7-77d5-4c02-8607-737364ba19b2",
                "61ccd26f-dfaf-4069-a975-03bc5da999ee",
                "91b3bf29-faa6-4631-b08e-64f630df3c13"
              ],
              "failures": [],
              "pending": [],
              "skipped": [],
              "duration": 2082,
              "root": false,
              "rootEmpty": false,
              "_timeout": 2000
            }
          ],
          "passes": [],
          "failures": [],
          "pending": [],
          "skipped": [],
          "duration": 0,
          "root": false,
          "rootEmpty": false,
          "_timeout": 2000
        }
      ],
      "passes": [],
      "failures": [],
      "pending": [],
      "skipped": [],
      "duration": 0,
      "root": true,
      "rootEmpty": true,
      "_timeout": 2000
    }
  ],
  "meta": {
    "mocha": {
      "version": "7.2.0"
    },
    "mochawesome": {
      "options": {
        "quiet": false,
        "reportFilename": "mochawesome",
        "saveHtml": false,
        "saveJson": true,
        "consoleReporter": "spec",
        "useInlineDiffs": false,
        "code": true
      },
      "version": "7.1.4"
    },
    "marge": {
      "options": {
        "reportDir": "reports/api",
        "overwrite": false,
        "html": false,
        "json": true
      },
      "version": "6.3.2"
    }
  }
}