{
  "stats": {
    "suites": 3,
    "tests": 12,
    "passes": 12,
    "pending": 0,
    "failures": 0,
    "start": "2026-07-01T14:38:56.250Z",
    "end": "2026-07-01T14:38:59.188Z",
    "duration": 2938,
    "testsRegistered": 12,
    "passPercent": 100,
    "pendingPercent": 0,
    "other": 0,
    "hasOther": false,
    "skipped": 0,
    "hasSkipped": false
  },
  "results": [
    {
      "uuid": "91c53057-dcb8-44bf-b05b-72f2e343a2f5",
      "title": "",
      "fullFile": "cypress/e2e/booking/create-booking.cy.js",
      "file": "cypress/e2e/booking/create-booking.cy.js",
      "beforeHooks": [],
      "afterHooks": [],
      "tests": [],
      "suites": [
        {
          "uuid": "26f21c6a-1e83-4ac5-a226-b81cd70f4b15",
          "title": "BOOKING - POST /booking",
          "fullFile": "",
          "file": "",
          "beforeHooks": [],
          "afterHooks": [],
          "tests": [],
          "suites": [
            {
              "uuid": "a8764582-4e5b-4e96-a833-148c8828e20c",
              "title": "Cenários Positivos",
              "fullFile": "",
              "file": "",
              "beforeHooks": [],
              "afterHooks": [],
              "tests": [
                {
                  "title": "deve criar reserva válida e retornar dados completos",
                  "fullTitle": "BOOKING - POST /booking Cenários Positivos deve criar reserva válida e retornar dados completos",
                  "timedOut": null,
                  "duration": 271,
                  "state": "passed",
                  "speed": "fast",
                  "pass": true,
                  "fail": false,
                  "pending": false,
                  "context": null,
                  "code": "cy.createBooking(validBookings.standard).then(response => {\n  expect(response.status).to.eq(200, 'Criação de reserva deve retornar 200');\n  cy.assertResponseHeaders(response);\n  expect(response.headers).to.have.property('content-type').and.include('application/json');\n  cy.assertCreateBookingResponse(response, validBookings.standard);\n  Cypress.env('CREATED_BOOKING_ID', response.body.bookingid);\n});",
                  "err": {},
                  "uuid": "d92c3339-9ca0-4ad2-8db8-88b0e9d0a263",
                  "parentUUID": "a8764582-4e5b-4e96-a833-148c8828e20c",
                  "isHook": false,
                  "skipped": false
                },
                {
                  "title": "deve criar reserva com apenas campos obrigatórios (sem additionalneeds)",
                  "fullTitle": "BOOKING - POST /booking Cenários Positivos deve criar reserva com apenas campos obrigatórios (sem additionalneeds)",
                  "timedOut": null,
                  "duration": 192,
                  "state": "passed",
                  "speed": "fast",
                  "pass": true,
                  "fail": false,
                  "pending": false,
                  "context": null,
                  "code": "cy.createBooking(validBookings.minimal).then(response => {\n  expect(response.status).to.eq(200);\n  expect(response.body).to.have.property('bookingid').and.be.a('number');\n  cy.assertBookingSchema(response.body.booking);\n});",
                  "err": {},
                  "uuid": "21e7add0-bb88-40f5-8a06-f828eec571f4",
                  "parentUUID": "a8764582-4e5b-4e96-a833-148c8828e20c",
                  "isHook": false,
                  "skipped": false
                },
                {
                  "title": "deve criar reserva com nomes contendo caracteres especiais",
                  "fullTitle": "BOOKING - POST /booking Cenários Positivos deve criar reserva com nomes contendo caracteres especiais",
                  "timedOut": null,
                  "duration": 172,
                  "state": "passed",
                  "speed": "fast",
                  "pass": true,
                  "fail": false,
                  "pending": false,
                  "context": null,
                  "code": "cy.createBooking(validBookings.withSpecialCharacters).then(response => {\n  expect(response.status).to.eq(200);\n  expect(response.body.booking.firstname).to.eq(validBookings.withSpecialCharacters.firstname);\n  expect(response.body.booking.lastname).to.eq(validBookings.withSpecialCharacters.lastname);\n});",
                  "err": {},
                  "uuid": "74b2666c-58b0-461b-9f92-ba068323a4aa",
                  "parentUUID": "a8764582-4e5b-4e96-a833-148c8828e20c",
                  "isHook": false,
                  "skipped": false
                },
                {
                  "title": "deve criar reserva com totalprice de alto valor",
                  "fullTitle": "BOOKING - POST /booking Cenários Positivos deve criar reserva com totalprice de alto valor",
                  "timedOut": null,
                  "duration": 204,
                  "state": "passed",
                  "speed": "fast",
                  "pass": true,
                  "fail": false,
                  "pending": false,
                  "context": null,
                  "code": "cy.createBooking(validBookings.highValue).then(response => {\n  expect(response.status).to.eq(200);\n  expect(response.body.booking.totalprice).to.eq(validBookings.highValue.totalprice);\n});",
                  "err": {},
                  "uuid": "4d02bde0-dc96-435f-a22f-178009a7a276",
                  "parentUUID": "a8764582-4e5b-4e96-a833-148c8828e20c",
                  "isHook": false,
                  "skipped": false
                },
                {
                  "title": "deve retornar bookingid único para cada criação",
                  "fullTitle": "BOOKING - POST /booking Cenários Positivos deve retornar bookingid único para cada criação",
                  "timedOut": null,
                  "duration": 326,
                  "state": "passed",
                  "speed": "fast",
                  "pass": true,
                  "fail": false,
                  "pending": false,
                  "context": null,
                  "code": "const ids = [];\ncy.createBooking(validBookings.standard).then(r1 => {\n  ids.push(r1.body.bookingid);\n  cy.createBooking(validBookings.standard).then(r2 => {\n    ids.push(r2.body.bookingid);\n    expect(ids[0]).to.not.eq(ids[1], 'Cada reserva deve ter um ID único');\n  });\n});",
                  "err": {},
                  "uuid": "0e139840-d472-47d0-a758-cbcafd2c9fcb",
                  "parentUUID": "a8764582-4e5b-4e96-a833-148c8828e20c",
                  "isHook": false,
                  "skipped": false
                },
                {
                  "title": "deve persistir os dados criados e ser consultável via GET",
                  "fullTitle": "BOOKING - POST /booking Cenários Positivos deve persistir os dados criados e ser consultável via GET",
                  "timedOut": null,
                  "duration": 373,
                  "state": "passed",
                  "speed": "fast",
                  "pass": true,
                  "fail": false,
                  "pending": false,
                  "context": null,
                  "code": "cy.createBooking(validBookings.standard).then(createResponse => {\n  expect(createResponse.status).to.eq(200);\n  const bookingId = createResponse.body.bookingid;\n  cy.getBooking(bookingId).then(getResponse => {\n    expect(getResponse.status).to.eq(200);\n    expect(getResponse.body.firstname).to.eq(validBookings.standard.firstname);\n    expect(getResponse.body.lastname).to.eq(validBookings.standard.lastname);\n    expect(getResponse.body.totalprice).to.eq(validBookings.standard.totalprice);\n  });\n});",
                  "err": {},
                  "uuid": "d4eeb895-047c-4c1c-a7dd-d5e4b5b8f4b4",
                  "parentUUID": "a8764582-4e5b-4e96-a833-148c8828e20c",
                  "isHook": false,
                  "skipped": false
                }
              ],
              "suites": [],
              "passes": [
                "d92c3339-9ca0-4ad2-8db8-88b0e9d0a263",
                "21e7add0-bb88-40f5-8a06-f828eec571f4",
                "74b2666c-58b0-461b-9f92-ba068323a4aa",
                "4d02bde0-dc96-435f-a22f-178009a7a276",
                "0e139840-d472-47d0-a758-cbcafd2c9fcb",
                "d4eeb895-047c-4c1c-a7dd-d5e4b5b8f4b4"
              ],
              "failures": [],
              "pending": [],
              "skipped": [],
              "duration": 1538,
              "root": false,
              "rootEmpty": false,
              "_timeout": 2000
            },
            {
              "uuid": "edaba931-6887-4e9f-8418-cc112d243d77",
              "title": "Cenários Negativos",
              "fullFile": "",
              "file": "",
              "beforeHooks": [],
              "afterHooks": [],
              "tests": [
                {
                  "title": "deve rejeitar payload sem firstname",
                  "fullTitle": "BOOKING - POST /booking Cenários Negativos deve rejeitar payload sem firstname",
                  "timedOut": null,
                  "duration": 171,
                  "state": "passed",
                  "speed": "fast",
                  "pass": true,
                  "fail": false,
                  "pending": false,
                  "context": null,
                  "code": "cy.createBooking(invalidBookings.missingFirstname).then(response => {\n  expect(response.status).to.be.oneOf([400, 422, 500], 'Payload sem firstname deve retornar erro');\n});",
                  "err": {},
                  "uuid": "012753a2-5793-4511-b403-25a804cf902e",
                  "parentUUID": "edaba931-6887-4e9f-8418-cc112d243d77",
                  "isHook": false,
                  "skipped": false
                },
                {
                  "title": "deve rejeitar payload sem lastname",
                  "fullTitle": "BOOKING - POST /booking Cenários Negativos deve rejeitar payload sem lastname",
                  "timedOut": null,
                  "duration": 175,
                  "state": "passed",
                  "speed": "fast",
                  "pass": true,
                  "fail": false,
                  "pending": false,
                  "context": null,
                  "code": "cy.createBooking(invalidBookings.missingLastname).then(response => {\n  expect(response.status).to.be.oneOf([400, 422, 500]);\n});",
                  "err": {},
                  "uuid": "60197422-b19b-4b7b-891b-97c78aabda3c",
                  "parentUUID": "edaba931-6887-4e9f-8418-cc112d243d77",
                  "isHook": false,
                  "skipped": false
                },
                {
                  "title": "deve rejeitar payload sem bookingdates",
                  "fullTitle": "BOOKING - POST /booking Cenários Negativos deve rejeitar payload sem bookingdates",
                  "timedOut": null,
                  "duration": 187,
                  "state": "passed",
                  "speed": "fast",
                  "pass": true,
                  "fail": false,
                  "pending": false,
                  "context": null,
                  "code": "cy.createBooking(invalidBookings.missingBookingDates).then(response => {\n  expect(response.status).to.be.oneOf([400, 422, 500]);\n});",
                  "err": {},
                  "uuid": "9fa1fd87-e9b0-496e-b214-f7794d8931b4",
                  "parentUUID": "edaba931-6887-4e9f-8418-cc112d243d77",
                  "isHook": false,
                  "skipped": false
                },
                {
                  "title": "deve rejeitar payload completamente vazio",
                  "fullTitle": "BOOKING - POST /booking Cenários Negativos deve rejeitar payload completamente vazio",
                  "timedOut": null,
                  "duration": 171,
                  "state": "passed",
                  "speed": "fast",
                  "pass": true,
                  "fail": false,
                  "pending": false,
                  "context": null,
                  "code": "const emptyPayload = {};\ncy.createBooking(emptyPayload).then(response => {\n  expect(response.status).to.be.oneOf([400, 422, 500]);\n});",
                  "err": {},
                  "uuid": "a7c45175-3ce4-4c80-9049-82a439717438",
                  "parentUUID": "edaba931-6887-4e9f-8418-cc112d243d77",
                  "isHook": false,
                  "skipped": false
                },
                {
                  "title": "deve rejeitar requisição com Content-Type inválido",
                  "fullTitle": "BOOKING - POST /booking Cenários Negativos deve rejeitar requisição com Content-Type inválido",
                  "timedOut": null,
                  "duration": 177,
                  "state": "passed",
                  "speed": "fast",
                  "pass": true,
                  "fail": false,
                  "pending": false,
                  "context": null,
                  "code": "cy.request({\n  method: 'POST',\n  url: '/booking',\n  headers: {\n    'Content-Type': 'text/plain',\n    'Accept': 'application/json'\n  },\n  body: JSON.stringify(validBookings.standard),\n  failOnStatusCode: false\n}).then(response => {\n  expect(response.status).to.be.oneOf([200, 400, 415, 500]);\n});",
                  "err": {},
                  "uuid": "aca755ca-fc0d-4b3b-b27a-c03b9348e107",
                  "parentUUID": "edaba931-6887-4e9f-8418-cc112d243d77",
                  "isHook": false,
                  "skipped": false
                },
                {
                  "title": "deve rejeitar requisição com body malformado (JSON inválido)",
                  "fullTitle": "BOOKING - POST /booking Cenários Negativos deve rejeitar requisição com body malformado (JSON inválido)",
                  "timedOut": null,
                  "duration": 179,
                  "state": "passed",
                  "speed": "fast",
                  "pass": true,
                  "fail": false,
                  "pending": false,
                  "context": null,
                  "code": "cy.request({\n  method: 'POST',\n  url: '/booking',\n  headers: {\n    'Content-Type': 'application/json'\n  },\n  body: '{ invalid json }',\n  failOnStatusCode: false\n}).then(response => {\n  expect(response.status).to.be.oneOf([400, 422, 500]);\n});",
                  "err": {},
                  "uuid": "04546636-3e80-41a8-ac7d-1d50404b62bf",
                  "parentUUID": "edaba931-6887-4e9f-8418-cc112d243d77",
                  "isHook": false,
                  "skipped": false
                }
              ],
              "suites": [],
              "passes": [
                "012753a2-5793-4511-b403-25a804cf902e",
                "60197422-b19b-4b7b-891b-97c78aabda3c",
                "9fa1fd87-e9b0-496e-b214-f7794d8931b4",
                "a7c45175-3ce4-4c80-9049-82a439717438",
                "aca755ca-fc0d-4b3b-b27a-c03b9348e107",
                "04546636-3e80-41a8-ac7d-1d50404b62bf"
              ],
              "failures": [],
              "pending": [],
              "skipped": [],
              "duration": 1060,
              "root": false,
              "rootEmpty": false,
              "_timeout": 2000
            }
          ],
          "passes": [],
          "failures": [],
          "pending": [],
          "skipped": [],
          "duration": 0,
          "root": false,
          "rootEmpty": false,
          "_timeout": 2000
        }
      ],
      "passes": [],
      "failures": [],
      "pending": [],
      "skipped": [],
      "duration": 0,
      "root": true,
      "rootEmpty": true,
      "_timeout": 2000
    }
  ],
  "meta": {
    "mocha": {
      "version": "7.2.0"
    },
    "mochawesome": {
      "options": {
        "quiet": false,
        "reportFilename": "mochawesome",
        "saveHtml": false,
        "saveJson": true,
        "consoleReporter": "spec",
        "useInlineDiffs": false,
        "code": true
      },
      "version": "7.1.4"
    },
    "marge": {
      "options": {
        "reportDir": "reports/api",
        "overwrite": false,
        "html": false,
        "json": true
      },
      "version": "6.3.2"
    }
  }
}