{
  "stats": {
    "suites": 3,
    "tests": 12,
    "passes": 12,
    "pending": 0,
    "failures": 0,
    "start": "2026-07-01T14:39:16.607Z",
    "end": "2026-07-01T14:39:19.876Z",
    "duration": 3269,
    "testsRegistered": 12,
    "passPercent": 100,
    "pendingPercent": 0,
    "other": 0,
    "hasOther": false,
    "skipped": 0,
    "hasSkipped": false
  },
  "results": [
    {
      "uuid": "8ef8f440-b583-48c5-98db-fa7ccec24618",
      "title": "",
      "fullFile": "cypress/e2e/booking/get-booking.cy.js",
      "file": "cypress/e2e/booking/get-booking.cy.js",
      "beforeHooks": [],
      "afterHooks": [],
      "tests": [],
      "suites": [
        {
          "uuid": "6afad51e-fbd9-46df-8225-c574fb00a31a",
          "title": "BOOKING - GET /booking",
          "fullFile": "",
          "file": "",
          "beforeHooks": [],
          "afterHooks": [],
          "tests": [],
          "suites": [
            {
              "uuid": "db0e2441-bf23-4c27-878a-9494c4b620ba",
              "title": "GET /booking - Listar todas as reservas",
              "fullFile": "",
              "file": "",
              "beforeHooks": [],
              "afterHooks": [],
              "tests": [
                {
                  "title": "deve retornar lista de reservas com status 200",
                  "fullTitle": "BOOKING - GET /booking GET /booking - Listar todas as reservas deve retornar lista de reservas com status 200",
                  "timedOut": null,
                  "duration": 753,
                  "state": "passed",
                  "speed": "fast",
                  "pass": true,
                  "fail": false,
                  "pending": false,
                  "context": null,
                  "code": "cy.getAllBookings().then(response => {\n  expect(response.status).to.eq(200);\n  cy.assertResponseHeaders(response);\n  expect(response.body).to.be.an('array');\n  expect(response.body.length).to.be.greaterThan(0);\n});",
                  "err": {},
                  "uuid": "3bb2aaa8-cfdf-47ac-899f-bdd587a8d756",
                  "parentUUID": "db0e2441-bf23-4c27-878a-9494c4b620ba",
                  "isHook": false,
                  "skipped": false
                },
                {
                  "title": "cada item da lista deve ter apenas o campo bookingid",
                  "fullTitle": "BOOKING - GET /booking GET /booking - Listar todas as reservas cada item da lista deve ter apenas o campo bookingid",
                  "timedOut": null,
                  "duration": 402,
                  "state": "passed",
                  "speed": "fast",
                  "pass": true,
                  "fail": false,
                  "pending": false,
                  "context": null,
                  "code": "cy.getAllBookings().then(response => {\n  expect(response.status).to.eq(200);\n  response.body.slice(0, 5).forEach(item => {\n    expect(item).to.have.property('bookingid').and.be.a('number');\n    expect(Object.keys(item)).to.have.length(1);\n  });\n});",
                  "err": {},
                  "uuid": "453b6780-5bfd-487c-a3cf-a9b6f6425d12",
                  "parentUUID": "db0e2441-bf23-4c27-878a-9494c4b620ba",
                  "isHook": false,
                  "skipped": false
                },
                {
                  "title": "deve filtrar reservas por firstname",
                  "fullTitle": "BOOKING - GET /booking GET /booking - Listar todas as reservas deve filtrar reservas por firstname",
                  "timedOut": null,
                  "duration": 176,
                  "state": "passed",
                  "speed": "fast",
                  "pass": true,
                  "fail": false,
                  "pending": false,
                  "context": null,
                  "code": "cy.getAllBookings({\n  firstname: createdBooking.firstname\n}).then(response => {\n  expect(response.status).to.eq(200);\n  expect(response.body).to.be.an('array');\n  const found = response.body.find(b => b.bookingid === createdBookingId);\n  expect(found).to.not.be.undefined;\n});",
                  "err": {},
                  "uuid": "2d4c9849-79c9-4744-8713-efd814a1fdcf",
                  "parentUUID": "db0e2441-bf23-4c27-878a-9494c4b620ba",
                  "isHook": false,
                  "skipped": false
                },
                {
                  "title": "deve filtrar reservas por lastname",
                  "fullTitle": "BOOKING - GET /booking GET /booking - Listar todas as reservas deve filtrar reservas por lastname",
                  "timedOut": null,
                  "duration": 178,
                  "state": "passed",
                  "speed": "fast",
                  "pass": true,
                  "fail": false,
                  "pending": false,
                  "context": null,
                  "code": "cy.getAllBookings({\n  lastname: createdBooking.lastname\n}).then(response => {\n  expect(response.status).to.eq(200);\n  expect(response.body).to.be.an('array');\n});",
                  "err": {},
                  "uuid": "adea44f6-6dd9-4485-b4a7-d92651c859ef",
                  "parentUUID": "db0e2441-bf23-4c27-878a-9494c4b620ba",
                  "isHook": false,
                  "skipped": false
                },
                {
                  "title": "deve filtrar reservas por checkin",
                  "fullTitle": "BOOKING - GET /booking GET /booking - Listar todas as reservas deve filtrar reservas por checkin",
                  "timedOut": null,
                  "duration": 175,
                  "state": "passed",
                  "speed": "fast",
                  "pass": true,
                  "fail": false,
                  "pending": false,
                  "context": null,
                  "code": "cy.getAllBookings({\n  checkin: createdBooking.bookingdates.checkin\n}).then(response => {\n  expect(response.status).to.eq(200);\n  expect(response.body).to.be.an('array');\n});",
                  "err": {},
                  "uuid": "631e1a1c-a8cd-4afe-9859-89ecb1ca58a9",
                  "parentUUID": "db0e2441-bf23-4c27-878a-9494c4b620ba",
                  "isHook": false,
                  "skipped": false
                },
                {
                  "title": "deve retornar array vazio para filtro sem resultados",
                  "fullTitle": "BOOKING - GET /booking GET /booking - Listar todas as reservas deve retornar array vazio para filtro sem resultados",
                  "timedOut": null,
                  "duration": 173,
                  "state": "passed",
                  "speed": "fast",
                  "pass": true,
                  "fail": false,
                  "pending": false,
                  "context": null,
                  "code": "cy.getAllBookings({\n  firstname: 'ZZZNON_EXISTENT_NAME_XYZ_9999'\n}).then(response => {\n  expect(response.status).to.eq(200);\n  expect(response.body).to.be.an('array');\n});",
                  "err": {},
                  "uuid": "275b6e4e-f5cb-4179-80da-09b2a8c94bee",
                  "parentUUID": "db0e2441-bf23-4c27-878a-9494c4b620ba",
                  "isHook": false,
                  "skipped": false
                }
              ],
              "suites": [],
              "passes": [
                "3bb2aaa8-cfdf-47ac-899f-bdd587a8d756",
                "453b6780-5bfd-487c-a3cf-a9b6f6425d12",
                "2d4c9849-79c9-4744-8713-efd814a1fdcf",
                "adea44f6-6dd9-4485-b4a7-d92651c859ef",
                "631e1a1c-a8cd-4afe-9859-89ecb1ca58a9",
                "275b6e4e-f5cb-4179-80da-09b2a8c94bee"
              ],
              "failures": [],
              "pending": [],
              "skipped": [],
              "duration": 1857,
              "root": false,
              "rootEmpty": false,
              "_timeout": 2000
            },
            {
              "uuid": "5f8d3d89-c95a-4772-b909-a8364c1f68da",
              "title": "GET /booking/:id - Buscar reserva por ID",
              "fullFile": "",
              "file": "",
              "beforeHooks": [],
              "afterHooks": [],
              "tests": [
                {
                  "title": "deve retornar reserva existente com dados completos",
                  "fullTitle": "BOOKING - GET /booking GET /booking/:id - Buscar reserva por ID deve retornar reserva existente com dados completos",
                  "timedOut": null,
                  "duration": 195,
                  "state": "passed",
                  "speed": "fast",
                  "pass": true,
                  "fail": false,
                  "pending": false,
                  "context": null,
                  "code": "cy.getBooking(createdBookingId).then(response => {\n  expect(response.status).to.eq(200);\n  cy.assertResponseHeaders(response);\n  cy.assertBookingSchema(response.body);\n  expect(response.body.firstname).to.eq(createdBooking.firstname);\n  expect(response.body.lastname).to.eq(createdBooking.lastname);\n  expect(response.body.totalprice).to.eq(createdBooking.totalprice);\n  expect(response.body.depositpaid).to.eq(createdBooking.depositpaid);\n});",
                  "err": {},
                  "uuid": "b257d55f-3242-468b-8fc4-12fa8463484e",
                  "parentUUID": "5f8d3d89-c95a-4772-b909-a8364c1f68da",
                  "isHook": false,
                  "skipped": false
                },
                {
                  "title": "deve retornar todos os campos obrigatórios",
                  "fullTitle": "BOOKING - GET /booking GET /booking/:id - Buscar reserva por ID deve retornar todos os campos obrigatórios",
                  "timedOut": null,
                  "duration": 179,
                  "state": "passed",
                  "speed": "fast",
                  "pass": true,
                  "fail": false,
                  "pending": false,
                  "context": null,
                  "code": "cy.getBooking(createdBookingId).then(response => {\n  const requiredFields = ['firstname', 'lastname', 'totalprice', 'depositpaid', 'bookingdates'];\n  requiredFields.forEach(field => {\n    expect(response.body).to.have.property(field);\n  });\n  expect(response.body.bookingdates).to.have.property('checkin');\n  expect(response.body.bookingdates).to.have.property('checkout');\n});",
                  "err": {},
                  "uuid": "2b3835a1-63c6-42ed-b6f3-0e8a2f3848f6",
                  "parentUUID": "5f8d3d89-c95a-4772-b909-a8364c1f68da",
                  "isHook": false,
                  "skipped": false
                },
                {
                  "title": "deve retornar 404 para ID inexistente",
                  "fullTitle": "BOOKING - GET /booking GET /booking/:id - Buscar reserva por ID deve retornar 404 para ID inexistente",
                  "timedOut": null,
                  "duration": 173,
                  "state": "passed",
                  "speed": "fast",
                  "pass": true,
                  "fail": false,
                  "pending": false,
                  "context": null,
                  "code": "cy.getBooking(999999999).then(response => {\n  expect(response.status).to.eq(404);\n});",
                  "err": {},
                  "uuid": "3d0923d4-0a0f-4c94-8936-b4963555c7bf",
                  "parentUUID": "5f8d3d89-c95a-4772-b909-a8364c1f68da",
                  "isHook": false,
                  "skipped": false
                },
                {
                  "title": "deve retornar 404 para ID negativo",
                  "fullTitle": "BOOKING - GET /booking GET /booking/:id - Buscar reserva por ID deve retornar 404 para ID negativo",
                  "timedOut": null,
                  "duration": 175,
                  "state": "passed",
                  "speed": "fast",
                  "pass": true,
                  "fail": false,
                  "pending": false,
                  "context": null,
                  "code": "cy.getBooking(-1).then(response => {\n  expect(response.status).to.be.oneOf([400, 404]);\n});",
                  "err": {},
                  "uuid": "af31282b-7c0c-4214-897e-e3de8da5d02e",
                  "parentUUID": "5f8d3d89-c95a-4772-b909-a8364c1f68da",
                  "isHook": false,
                  "skipped": false
                },
                {
                  "title": "deve retornar erro para ID não numérico",
                  "fullTitle": "BOOKING - GET /booking GET /booking/:id - Buscar reserva por ID deve retornar erro para ID não numérico",
                  "timedOut": null,
                  "duration": 176,
                  "state": "passed",
                  "speed": "fast",
                  "pass": true,
                  "fail": false,
                  "pending": false,
                  "context": null,
                  "code": "cy.request({\n  method: 'GET',\n  url: '/booking/abc',\n  headers: {\n    'Accept': 'application/json'\n  },\n  failOnStatusCode: false\n}).then(response => {\n  expect(response.status).to.be.oneOf([400, 404]);\n});",
                  "err": {},
                  "uuid": "0a786410-81fa-4b36-9ab7-dc5811a08c06",
                  "parentUUID": "5f8d3d89-c95a-4772-b909-a8364c1f68da",
                  "isHook": false,
                  "skipped": false
                },
                {
                  "title": "deve retornar erro para ID zero",
                  "fullTitle": "BOOKING - GET /booking GET /booking/:id - Buscar reserva por ID deve retornar erro para ID zero",
                  "timedOut": null,
                  "duration": 179,
                  "state": "passed",
                  "speed": "fast",
                  "pass": true,
                  "fail": false,
                  "pending": false,
                  "context": null,
                  "code": "cy.getBooking(0).then(response => {\n  expect(response.status).to.be.oneOf([400, 404]);\n});",
                  "err": {},
                  "uuid": "37f303b9-fd7b-4ec3-bd7d-a72718c0ef8d",
                  "parentUUID": "5f8d3d89-c95a-4772-b909-a8364c1f68da",
                  "isHook": false,
                  "skipped": false
                }
              ],
              "suites": [],
              "passes": [
                "b257d55f-3242-468b-8fc4-12fa8463484e",
                "2b3835a1-63c6-42ed-b6f3-0e8a2f3848f6",
                "3d0923d4-0a0f-4c94-8936-b4963555c7bf",
                "af31282b-7c0c-4214-897e-e3de8da5d02e",
                "0a786410-81fa-4b36-9ab7-dc5811a08c06",
                "37f303b9-fd7b-4ec3-bd7d-a72718c0ef8d"
              ],
              "failures": [],
              "pending": [],
              "skipped": [],
              "duration": 1077,
              "root": false,
              "rootEmpty": false,
              "_timeout": 2000
            }
          ],
          "passes": [],
          "failures": [],
          "pending": [],
          "skipped": [],
          "duration": 0,
          "root": false,
          "rootEmpty": false,
          "_timeout": 2000
        }
      ],
      "passes": [],
      "failures": [],
      "pending": [],
      "skipped": [],
      "duration": 0,
      "root": true,
      "rootEmpty": true,
      "_timeout": 2000
    }
  ],
  "meta": {
    "mocha": {
      "version": "7.2.0"
    },
    "mochawesome": {
      "options": {
        "quiet": false,
        "reportFilename": "mochawesome",
        "saveHtml": false,
        "saveJson": true,
        "consoleReporter": "spec",
        "useInlineDiffs": false,
        "code": true
      },
      "version": "7.1.4"
    },
    "marge": {
      "options": {
        "reportDir": "reports/api",
        "overwrite": false,
        "html": false,
        "json": true
      },
      "version": "6.3.2"
    }
  }
}